<?xml version="1.0" encoding="UTF-8"?>
<!-- Generated by org.testng.reporters.JUnitXMLReporter -->
<testsuite ignored="0" hostname="ManoharJangid" failures="0" tests="2" name="Surefire test" time="28.559" errors="0" timestamp="2026-05-11T11:11:26 IST">
  <testcase classname="com.automationexercise.tests.CartTest" name="addAndRemoveProductTest" time="9.191"/>
  <testcase classname="com.automationexercise.tests.ProductSearchTest" name="searchProductTest" time="6.508"/>
</testsuite> <!-- Surefire test -->
