<?xml version="1.0" encoding="UTF-8"?>
<testng-results ignored="0" total="2" passed="2" failed="0" skipped="0">
  <reporter-output>
  </reporter-output>
  <suite started-at="2026-05-11T11:10:57 IST" name="Surefire suite" finished-at="2026-05-11T11:11:26 IST" duration-ms="28559">
    <groups>
    </groups>
    <test started-at="2026-05-11T11:10:57 IST" name="Surefire test" finished-at="2026-05-11T11:11:26 IST" duration-ms="28559">
      <class name="com.automationexercise.tests.ProductSearchTest">
        <test-method is-config="true" signature="setup()[pri:0, instance:com.automationexercise.tests.ProductSearchTest@e056f20]" started-at="2026-05-11T11:11:16 IST" name="setup" finished-at="2026-05-11T11:11:19 IST" duration-ms="3436" status="PASS">
          <reporter-output>
          </reporter-output>
        </test-method> <!-- setup -->
        <test-method signature="searchProductTest()[pri:0, instance:com.automationexercise.tests.ProductSearchTest@e056f20]" started-at="2026-05-11T11:11:19 IST" name="searchProductTest" finished-at="2026-05-11T11:11:26 IST" duration-ms="6508" status="PASS">
          <reporter-output>
          </reporter-output>
        </test-method> <!-- searchProductTest -->
        <test-method is-config="true" signature="tearDown()[pri:0, instance:com.automationexercise.tests.ProductSearchTest@e056f20]" started-at="2026-05-11T11:11:26 IST" name="tearDown" finished-at="2026-05-11T11:11:26 IST" duration-ms="278" status="PASS">
          <reporter-output>
          </reporter-output>
        </test-method> <!-- tearDown -->
      </class> <!-- com.automationexercise.tests.ProductSearchTest -->
      <class name="com.automationexercise.tests.CartTest">
        <test-method is-config="true" signature="setup()[pri:0, instance:com.automationexercise.tests.CartTest@34b7ac2f]" started-at="2026-05-11T11:10:57 IST" name="setup" finished-at="2026-05-11T11:11:06 IST" duration-ms="8719" status="PASS">
          <reporter-output>
          </reporter-output>
        </test-method> <!-- setup -->
        <test-method signature="addAndRemoveProductTest()[pri:0, instance:com.automationexercise.tests.CartTest@34b7ac2f]" started-at="2026-05-11T11:11:06 IST" name="addAndRemoveProductTest" finished-at="2026-05-11T11:11:15 IST" duration-ms="9191" status="PASS">
          <reporter-output>
          </reporter-output>
        </test-method> <!-- addAndRemoveProductTest -->
        <test-method is-config="true" signature="tearDown()[pri:0, instance:com.automationexercise.tests.CartTest@34b7ac2f]" started-at="2026-05-11T11:11:15 IST" name="tearDown" finished-at="2026-05-11T11:11:16 IST" duration-ms="364" status="PASS">
          <reporter-output>
          </reporter-output>
        </test-method> <!-- tearDown -->
      </class> <!-- com.automationexercise.tests.CartTest -->
    </test> <!-- Surefire test -->
  </suite> <!-- Surefire suite -->
</testng-results>
